0 info it worked if it ends with ok
<<<<<<< HEAD
1 verbose cli [ 'node', '/usr/local/bin/npm', 'start' ]
2 info using npm@2.13.0
3 info using node@v0.12.6
=======
1 verbose cli [ '/usr/local/bin/node', '/usr/local/bin/npm', 'start' ]
2 info using npm@2.14.7
3 info using node@v4.2.2
>>>>>>> 0905210b4623ec5b8495c4bcd07303a83836c4df
4 verbose run-script [ 'prestart', 'start', 'poststart' ]
5 info prestart crush_app@1.0.0
6 info start crush_app@1.0.0
7 verbose unsafe-perm in lifecycle true
8 info crush_app@1.0.0 Failed to exec start script
9 verbose stack Error: crush_app@1.0.0 start: `supervisor ./bin/www`
9 verbose stack Exit status 1
<<<<<<< HEAD
9 verbose stack     at EventEmitter.<anonymous> (/usr/local/lib/node_modules/npm/lib/utils/lifecycle.js:213:16)
9 verbose stack     at EventEmitter.emit (events.js:110:17)
9 verbose stack     at ChildProcess.<anonymous> (/usr/local/lib/node_modules/npm/lib/utils/spawn.js:24:14)
9 verbose stack     at ChildProcess.emit (events.js:110:17)
9 verbose stack     at maybeClose (child_process.js:1015:16)
9 verbose stack     at Process.ChildProcess._handle.onexit (child_process.js:1087:5)
10 verbose pkgid crush_app@1.0.0
11 verbose cwd /Users/brandonchoi/Desktop/crush_app
12 error Darwin 14.5.0
13 error argv "node" "/usr/local/bin/npm" "start"
14 error node v0.12.6
15 error npm  v2.13.0
=======
9 verbose stack     at EventEmitter.<anonymous> (/usr/local/lib/node_modules/npm/lib/utils/lifecycle.js:214:16)
9 verbose stack     at emitTwo (events.js:87:13)
9 verbose stack     at EventEmitter.emit (events.js:172:7)
9 verbose stack     at ChildProcess.<anonymous> (/usr/local/lib/node_modules/npm/lib/utils/spawn.js:24:14)
9 verbose stack     at emitTwo (events.js:87:13)
9 verbose stack     at ChildProcess.emit (events.js:172:7)
9 verbose stack     at maybeClose (internal/child_process.js:818:16)
9 verbose stack     at Process.ChildProcess._handle.onexit (internal/child_process.js:211:5)
10 verbose pkgid crush_app@1.0.0
11 verbose cwd /Users/callie/Documents/crush_app
12 error Darwin 15.0.0
13 error argv "/usr/local/bin/node" "/usr/local/bin/npm" "start"
14 error node v4.2.2
15 error npm  v2.14.7
>>>>>>> 0905210b4623ec5b8495c4bcd07303a83836c4df
16 error code ELIFECYCLE
17 error crush_app@1.0.0 start: `supervisor ./bin/www`
17 error Exit status 1
18 error Failed at the crush_app@1.0.0 start script 'supervisor ./bin/www'.
18 error This is most likely a problem with the crush_app package,
18 error not with npm itself.
18 error Tell the author that this fails on your system:
18 error     supervisor ./bin/www
18 error You can get their info via:
18 error     npm owner ls crush_app
18 error There is likely additional logging output above.
19 verbose exit [ 1, true ]
